{"name": "Verify fill the form ang login -- @1.1 ", "status": "broken", "statusDetails": {"message": "selenium.common.exceptions.ElementNotInteractableException: Message: element not interactable\n  (Session info: chrome=105.0.5195.125)\nStacktrace:\n0   chromedriver                        0x0000000108609788 chromedriver + 4515720\n1   chromedriver                        0x000000010858d9d3 chromedriver + 4008403\n2   chromedriver                        0x000000010821ffeb chromedriver + 413675\n3   chromedriver                        0x0000000108258a1e chromedriver + 645662\n4   chromedriver                        0x000000010824c861 chromedriver + 596065\n5   chromedriver                        0x00000001082747d2 chromedriver + 759762\n6   chromedriver                        0x000000010824c075 chromedriver + 594037\n7   chromedriver                        0x000000010827492e chromedriver + 760110\n8   chromedriver                        0x0000000108287bd9 chromedriver + 838617\n9   chromedriver                        0x0000000108274603 chromedriver + 759299\n10  chromedriver                        0x000000010824a990 chromedriver + 588176\n11  chromedriver                        0x000000010824ba75 chromedriver + 592501\n12  chromedriver                        0x00000001085d96cd chromedriver + 4318925\n13  chromedriver                        0x00000001085ddf35 chromedriver + 4337461\n14  chromedriver                        0x00000001085e51ff chromedriver + 4366847\n15  chromedriver                        0x00000001085dec5a chromedriver + 4340826\n16  chromedriver                        0x00000001085b4c2c chromedriver + 4168748\n17  chromedriver                        0x00000001085fb4f8 chromedriver + 4457720\n18  chromedriver                        0x00000001085fb693 chromedriver + 4458131\n19  chromedriver                        0x0000000108610a3e chromedriver + 4545086\n20  libsystem_pthread.dylib             0x00007ff8178354e1 _pthread_start + 125\n21  libsystem_pthread.dylib             0x00007ff817830f6b thread_start + 15\n\n", "trace": "  File \"/Users/localadmin/PycharmProjects/BehavePageObjectModel/venv/lib/python3.10/site-packages/behave/model.py\", line 1329, in run\n    match.run(runner.context)\n  File \"/Users/localadmin/PycharmProjects/BehavePageObjectModel/venv/lib/python3.10/site-packages/behave/matchers.py\", line 98, in run\n    self.func(context, *args, **kwargs)\n  File \"features/steps/registration_steps.py\", line 52, in step_impl\n    context.reg.submitForm()\n  File \"/Users/localadmin/PycharmProjects/BehavePageObjectModel/pageobjects/RegistrationPage.py\", line 34, in submitForm\n    self.click(\"submit_XPATH\")\n  File \"/Users/localadmin/PycharmProjects/BehavePageObjectModel/pageobjects/BasePage.py\", line 20, in click\n    self.driver.find_element(By.XPATH, (configReader.readConfig(\"locators\", locator))).click()\n  File \"/Users/localadmin/PycharmProjects/BehavePageObjectModel/venv/lib/python3.10/site-packages/selenium/webdriver/remote/webelement.py\", line 88, in click\n    self._execute(Command.CLICK_ELEMENT)\n  File \"/Users/localadmin/PycharmProjects/BehavePageObjectModel/venv/lib/python3.10/site-packages/selenium/webdriver/remote/webelement.py\", line 396, in _execute\n    return self._parent.execute(command, params)\n  File \"/Users/localadmin/PycharmProjects/BehavePageObjectModel/venv/lib/python3.10/site-packages/selenium/webdriver/remote/webdriver.py\", line 428, in execute\n    self.error_handler.check_response(response)\n  File \"/Users/localadmin/PycharmProjects/BehavePageObjectModel/venv/lib/python3.10/site-packages/selenium/webdriver/remote/errorhandler.py\", line 243, in check_response\n    raise exception_class(message, screen, stacktrace)\n"}, "steps": [{"name": "Given I navigate to the way2automation site", "status": "passed", "start": 1663920172149, "stop": 1663920191387}, {"name": "When Enter the Name as \"Testing1\"", "status": "passed", "start": 1663920191387, "stop": 1663920191473}, {"name": "When Enter the PhoneNum ad \"089098761\"", "status": "passed", "start": 1663920191473, "stop": 1663920191526}, {"name": "When Enter the Email as \"testing1@test.com\"", "status": "passed", "start": 1663920191526, "stop": 1663920191581}, {"name": "When select the Country as \"India\"", "status": "passed", "start": 1663920191581, "stop": 1663920191617}, {"name": "When Enter the City as \"Bangalore\"", "status": "passed", "start": 1663920191617, "stop": 1663920191674}, {"name": "When Enter the Username \"username1\"", "status": "passed", "start": 1663920191674, "stop": 1663920191725}, {"name": "When Enter the Password as \"password1\"", "status": "passed", "start": 1663920191726, "stop": 1663920191777}, {"name": "Then I click on the submit the form", "status": "broken", "statusDetails": {"message": "selenium.common.exceptions.ElementNotInteractableException: Message: element not interactable\n  (Session info: chrome=105.0.5195.125)\nStacktrace:\n0   chromedriver                        0x0000000108609788 chromedriver + 4515720\n1   chromedriver                        0x000000010858d9d3 chromedriver + 4008403\n2   chromedriver                        0x000000010821ffeb chromedriver + 413675\n3   chromedriver                        0x0000000108258a1e chromedriver + 645662\n4   chromedriver                        0x000000010824c861 chromedriver + 596065\n5   chromedriver                        0x00000001082747d2 chromedriver + 759762\n6   chromedriver                        0x000000010824c075 chromedriver + 594037\n7   chromedriver                        0x000000010827492e chromedriver + 760110\n8   chromedriver                        0x0000000108287bd9 chromedriver + 838617\n9   chromedriver                        0x0000000108274603 chromedriver + 759299\n10  chromedriver                        0x000000010824a990 chromedriver + 588176\n11  chromedriver                        0x000000010824ba75 chromedriver + 592501\n12  chromedriver                        0x00000001085d96cd chromedriver + 4318925\n13  chromedriver                        0x00000001085ddf35 chromedriver + 4337461\n14  chromedriver                        0x00000001085e51ff chromedriver + 4366847\n15  chromedriver                        0x00000001085dec5a chromedriver + 4340826\n16  chromedriver                        0x00000001085b4c2c chromedriver + 4168748\n17  chromedriver                        0x00000001085fb4f8 chromedriver + 4457720\n18  chromedriver                        0x00000001085fb693 chromedriver + 4458131\n19  chromedriver                        0x0000000108610a3e chromedriver + 4545086\n20  libsystem_pthread.dylib             0x00007ff8178354e1 _pthread_start + 125\n21  libsystem_pthread.dylib             0x00007ff817830f6b thread_start + 15\n\n", "trace": "  File \"/Users/localadmin/PycharmProjects/BehavePageObjectModel/venv/lib/python3.10/site-packages/behave/model.py\", line 1329, in run\n    match.run(runner.context)\n  File \"/Users/localadmin/PycharmProjects/BehavePageObjectModel/venv/lib/python3.10/site-packages/behave/matchers.py\", line 98, in run\n    self.func(context, *args, **kwargs)\n  File \"features/steps/registration_steps.py\", line 52, in step_impl\n    context.reg.submitForm()\n  File \"/Users/localadmin/PycharmProjects/BehavePageObjectModel/pageobjects/RegistrationPage.py\", line 34, in submitForm\n    self.click(\"submit_XPATH\")\n  File \"/Users/localadmin/PycharmProjects/BehavePageObjectModel/pageobjects/BasePage.py\", line 20, in click\n    self.driver.find_element(By.XPATH, (configReader.readConfig(\"locators\", locator))).click()\n  File \"/Users/localadmin/PycharmProjects/BehavePageObjectModel/venv/lib/python3.10/site-packages/selenium/webdriver/remote/webelement.py\", line 88, in click\n    self._execute(Command.CLICK_ELEMENT)\n  File \"/Users/localadmin/PycharmProjects/BehavePageObjectModel/venv/lib/python3.10/site-packages/selenium/webdriver/remote/webelement.py\", line 396, in _execute\n    return self._parent.execute(command, params)\n  File \"/Users/localadmin/PycharmProjects/BehavePageObjectModel/venv/lib/python3.10/site-packages/selenium/webdriver/remote/webdriver.py\", line 428, in execute\n    self.error_handler.check_response(response)\n  File \"/Users/localadmin/PycharmProjects/BehavePageObjectModel/venv/lib/python3.10/site-packages/selenium/webdriver/remote/errorhandler.py\", line 243, in check_response\n    raise exception_class(message, screen, stacktrace)\n"}, "attachments": [{"name": "screenshot", "source": "e9fbbacf-b854-4b54-94ff-08e7e9d2fbeb-attachment.png", "type": "image/png"}], "start": 1663920191778, "stop": 1663920192926}], "parameters": [{"name": "name", "value": "Testing1"}, {"name": "phone_number", "value": "089098761"}, {"name": "email", "value": "testing1@test.com"}, {"name": "country", "value": "India"}, {"name": "city", "value": "Bangalore"}, {"name": "username", "value": "username1"}, {"name": "password", "value": "password1"}], "start": 1663920167514, "stop": 1663920193007, "uuid": "067a1c39-ed08-4b3f-8374-5f3f17622c6c", "historyId": "55c25f0d21857dfcb354b6406942f4ff", "fullName": "RegistrationPage: Verify fill the form ang login", "labels": [{"name": "severity", "value": "normal"}, {"name": "feature", "value": "RegistrationPage"}, {"name": "framework", "value": "behave"}, {"name": "language", "value": "cpython3"}]}